2024-06-18 20:48:04 INFO  OdontologoService:44 - Odontólogo guardado con éxito: {  "id": 1,  "numMatricula": 112233,  "nombre": "Felipe",  "apellido": "Silvera"}
2024-06-18 20:48:04 INFO  PacienteService:52 - Paciente guardado con éxito: {  "id": 1,  "dni": 12345,  "nombre": "Juan",  "apellido": "Perez",  "domicilioDtoSalida": {    "id": 1,    "calle": "Charles Sutton",    "numero": 230,    "localidad": "Lima",    "provincia": "Peru"  },  "fechaAlta": "2024-06-18"}
2024-06-18 20:48:05 INFO  OdontologoService:36 - Odontólogo encontrado con éxito: {  "id": 1,  "numMatricula": 112233,  "nombre": "Felipe",  "apellido": "Silvera"}
2024-06-18 20:48:05 INFO  PacienteService:41 - Paciente encontrado con éxito: {  "id": 1,  "dni": 12345,  "nombre": "Juan",  "apellido": "Perez",  "domicilioDtoSalida": {    "id": 1,    "calle": "Charles Sutton",    "numero": 230,    "localidad": "Lima",    "provincia": "Peru"  },  "fechaAlta": "2024-06-18"}
2024-06-18 20:48:05 INFO  TurnosService:74 - Turno guardado con éxito: {  "id": 1,  "fechaYHora": "2024-06-18 20:48",  "odontologo": {    "id": 1,    "numMatricula": 112233,    "nombre": "Felipe",    "apellido": "Silvera"  },  "paciente": {    "id": 1,    "dni": 12345,    "nombre": "Juan",    "apellido": "Perez",    "fechaAlta": "2024-06-18",    "domicilio": {      "id": 1,      "calle": "Charles Sutton",      "numero": 230,      "localidad": "Lima",      "provincia": "Peru"    }  }}
2024-06-18 20:48:05 INFO  TurnosService:50 - Turno encontrado con éxito: {  "id": 1,  "fechaYHora": "2024-06-18 20:48",  "odontologo": {    "id": 1,    "numMatricula": 112233,    "nombre": "Felipe",    "apellido": "Silvera"  },  "paciente": {    "id": 1,    "dni": 12345,    "nombre": "Juan",    "apellido": "Perez",    "fechaAlta": "2024-06-18",    "domicilio": {      "id": 1,      "calle": "Charles Sutton",      "numero": 230,      "localidad": "Lima",      "provincia": "Peru"    }  }}
2024-06-18 20:48:05 INFO  TurnosService:86 - Listado de todos los turnos: {}[  {    "id": 1,    "fechaYHora": "2024-06-18 20:48",    "odontologoDtoSalida": {      "id": 1,      "numMatricula": 112233,      "nombre": "Felipe",      "apellido": "Silvera"    },    "pacienteDtoSalida": {      "id": 1,      "dni": 12345,      "nombre": "Juan",      "apellido": "Perez",      "domicilioDtoSalida": {        "id": 1,        "calle": "Charles Sutton",        "numero": 230,        "localidad": "Lima",        "provincia": "Peru"      },      "fechaAlta": "2024-06-18"    }  }]
2024-06-18 20:48:06 WARN  TurnosService:122 - No se encontró el turno con ID: 9999
2024-06-18 20:48:06 INFO  TurnosService:86 - Listado de todos los turnos: {}[]
2024-06-18 20:48:06 WARN  TurnosService:89 - No se encontraron turnos
2024-06-19 21:50:33 INFO  ClinicaOdontologicaApplication:15 - FUNCIONANDO)
2024-06-19 21:50:33 INFO  ClinicaOdontologicaApplication:16 - HECHO A MANO POR YESSICA SILVERA Y OSHIN VILLEGAS
2024-06-19 21:56:53 INFO  ClinicaOdontologicaApplication:15 - FUNCIONANDO)
2024-06-19 21:56:53 INFO  ClinicaOdontologicaApplication:16 - HECHO A MANO POR YESSICA SILVERA Y OSHIN VILLEGAS
2024-06-19 22:01:37 INFO  OdontologoService:55 - Listado de todos los odontólogos: []
2024-06-19 22:01:37 WARN  OdontologoService:58 - No se encontraron odontólogos
2024-06-19 22:05:15 INFO  OdontologoService:44 - Odontólogo guardado con éxito: {  "id": 1,  "numMatricula": 1,  "nombre": "Yessi",  "apellido": "Silvera"}
2024-06-19 22:06:35 INFO  OdontologoService:55 - Listado de todos los odontólogos: [  {    "id": 1,    "numMatricula": 1,    "nombre": "Yessi",    "apellido": "Silvera"  }]
2024-06-19 22:06:48 INFO  OdontologoService:44 - Odontólogo guardado con éxito: {  "id": 2,  "numMatricula": 1,  "nombre": "Pipe",  "apellido": "Fe"}
2024-06-19 22:06:58 INFO  OdontologoService:55 - Listado de todos los odontólogos: [  {    "id": 1,    "numMatricula": 1,    "nombre": "Yessi",    "apellido": "Silvera"  },  {    "id": 2,    "numMatricula": 1,    "nombre": "Pipe",    "apellido": "Fe"  }]
2024-06-19 22:28:31 INFO  OdontologoService:55 - Listado de todos los odontólogos: [  {    "id": 1,    "numMatricula": 1,    "nombre": "Yessi",    "apellido": "Silvera"  },  {    "id": 2,    "numMatricula": 1,    "nombre": "Pipe",    "apellido": "Fe"  }]
2024-06-19 22:36:35 INFO  OdontologoService:55 - Listado de todos los odontólogos: [  {    "id": 1,    "numMatricula": 1,    "nombre": "Yessi",    "apellido": "Silvera"  },  {    "id": 2,    "numMatricula": 1,    "nombre": "Pipe",    "apellido": "Fe"  }]
2024-06-19 22:39:52 INFO  OdontologoService:55 - Listado de todos los odontólogos: [  {    "id": 1,    "numMatricula": 1,    "nombre": "Yessi",    "apellido": "Silvera"  },  {    "id": 2,    "numMatricula": 1,    "nombre": "Pipe",    "apellido": "Fe"  }]
2024-06-19 22:40:12 INFO  OdontologoService:55 - Listado de todos los odontólogos: [  {    "id": 1,    "numMatricula": 1,    "nombre": "Yessi",    "apellido": "Silvera"  },  {    "id": 2,    "numMatricula": 1,    "nombre": "Pipe",    "apellido": "Fe"  }]
2024-06-19 22:47:21 INFO  OdontologoService:55 - Listado de todos los odontólogos: [  {    "id": 1,    "numMatricula": 1,    "nombre": "Yessi",    "apellido": "Silvera"  },  {    "id": 2,    "numMatricula": 1,    "nombre": "Pipe",    "apellido": "Fe"  }]
2024-06-19 22:55:09 INFO  OdontologoService:55 - Listado de todos los odontólogos: [  {    "id": 1,    "numMatricula": 1,    "nombre": "Yessi",    "apellido": "Silvera"  },  {    "id": 2,    "numMatricula": 1,    "nombre": "Pipe",    "apellido": "Fe"  }]
2024-06-19 22:55:45 INFO  OdontologoService:44 - Odontólogo guardado con éxito: {  "id": 3,  "numMatricula": 2,  "nombre": "kjgf",  "apellido": "jhk"}
2024-06-19 22:55:45 INFO  OdontologoService:55 - Listado de todos los odontólogos: [  {    "id": 1,    "numMatricula": 1,    "nombre": "Yessi",    "apellido": "Silvera"  },  {    "id": 2,    "numMatricula": 1,    "nombre": "Pipe",    "apellido": "Fe"  },  {    "id": 3,    "numMatricula": 2,    "nombre": "kjgf",    "apellido": "jhk"  }]
2024-06-19 22:57:50 INFO  OdontologoService:44 - Odontólogo guardado con éxito: {  "id": 4,  "numMatricula": 2,  "nombre": "odontologo2",  "apellido": "jhk"}
2024-06-19 22:57:50 INFO  OdontologoService:55 - Listado de todos los odontólogos: [  {    "id": 1,    "numMatricula": 1,    "nombre": "Yessi",    "apellido": "Silvera"  },  {    "id": 2,    "numMatricula": 1,    "nombre": "Pipe",    "apellido": "Fe"  },  {    "id": 3,    "numMatricula": 2,    "nombre": "kjgf",    "apellido": "jhk"  },  {    "id": 4,    "numMatricula": 2,    "nombre": "odontologo2",    "apellido": "jhk"  }]
2024-06-19 22:58:25 INFO  OdontologoService:55 - Listado de todos los odontólogos: [  {    "id": 1,    "numMatricula": 1,    "nombre": "Yessi",    "apellido": "Silvera"  },  {    "id": 2,    "numMatricula": 1,    "nombre": "Pipe",    "apellido": "Fe"  },  {    "id": 3,    "numMatricula": 2,    "nombre": "kjgf",    "apellido": "jhk"  },  {    "id": 4,    "numMatricula": 2,    "nombre": "odontologo2",    "apellido": "jhk"  }]
2024-06-19 22:58:28 INFO  OdontologoService:55 - Listado de todos los odontólogos: [  {    "id": 1,    "numMatricula": 1,    "nombre": "Yessi",    "apellido": "Silvera"  },  {    "id": 2,    "numMatricula": 1,    "nombre": "Pipe",    "apellido": "Fe"  },  {    "id": 3,    "numMatricula": 2,    "nombre": "kjgf",    "apellido": "jhk"  },  {    "id": 4,    "numMatricula": 2,    "nombre": "odontologo2",    "apellido": "jhk"  }]
2024-06-19 22:58:34 INFO  OdontologoService:55 - Listado de todos los odontólogos: [  {    "id": 1,    "numMatricula": 1,    "nombre": "Yessi",    "apellido": "Silvera"  },  {    "id": 2,    "numMatricula": 1,    "nombre": "Pipe",    "apellido": "Fe"  },  {    "id": 3,    "numMatricula": 2,    "nombre": "kjgf",    "apellido": "jhk"  },  {    "id": 4,    "numMatricula": 2,    "nombre": "odontologo2",    "apellido": "jhk"  }]
2024-06-19 22:59:54 INFO  OdontologoService:55 - Listado de todos los odontólogos: [  {    "id": 1,    "numMatricula": 1,    "nombre": "Yessi",    "apellido": "Silvera"  },  {    "id": 2,    "numMatricula": 1,    "nombre": "Pipe",    "apellido": "Fe"  },  {    "id": 3,    "numMatricula": 2,    "nombre": "kjgf",    "apellido": "jhk"  },  {    "id": 4,    "numMatricula": 2,    "nombre": "odontologo2",    "apellido": "jhk"  }]
2024-06-19 22:59:56 INFO  OdontologoService:55 - Listado de todos los odontólogos: [  {    "id": 1,    "numMatricula": 1,    "nombre": "Yessi",    "apellido": "Silvera"  },  {    "id": 2,    "numMatricula": 1,    "nombre": "Pipe",    "apellido": "Fe"  },  {    "id": 3,    "numMatricula": 2,    "nombre": "kjgf",    "apellido": "jhk"  },  {    "id": 4,    "numMatricula": 2,    "nombre": "odontologo2",    "apellido": "jhk"  }]
2024-06-19 23:01:00 INFO  OdontologoService:55 - Listado de todos los odontólogos: [  {    "id": 1,    "numMatricula": 1,    "nombre": "Yessi",    "apellido": "Silvera"  },  {    "id": 2,    "numMatricula": 1,    "nombre": "Pipe",    "apellido": "Fe"  },  {    "id": 3,    "numMatricula": 2,    "nombre": "kjgf",    "apellido": "jhk"  },  {    "id": 4,    "numMatricula": 2,    "nombre": "odontologo2",    "apellido": "jhk"  }]
2024-06-19 23:04:20 INFO  OdontologoService:55 - Listado de todos los odontólogos: [  {    "id": 1,    "numMatricula": 1,    "nombre": "Yessi",    "apellido": "Silvera"  },  {    "id": 2,    "numMatricula": 1,    "nombre": "Pipe",    "apellido": "Fe"  },  {    "id": 3,    "numMatricula": 2,    "nombre": "kjgf",    "apellido": "jhk"  },  {    "id": 4,    "numMatricula": 2,    "nombre": "odontologo2",    "apellido": "jhk"  }]
2024-06-19 23:06:59 INFO  ClinicaOdontologicaApplication:15 - FUNCIONANDO)
2024-06-19 23:06:59 INFO  ClinicaOdontologicaApplication:16 - HECHO A MANO POR YESSICA SILVERA Y OSHIN VILLEGAS
2024-06-19 23:07:03 INFO  OdontologoService:55 - Listado de todos los odontólogos: []
2024-06-19 23:07:03 WARN  OdontologoService:58 - No se encontraron odontólogos
2024-06-19 23:07:08 INFO  OdontologoService:44 - Odontólogo guardado con éxito: {  "id": 1,  "numMatricula": 1,  "nombre": "Pipe",  "apellido": "Fe"}
2024-06-19 23:07:11 INFO  OdontologoService:55 - Listado de todos los odontólogos: [  {    "id": 1,    "numMatricula": 1,    "nombre": "Pipe",    "apellido": "Fe"  }]
2024-06-19 23:07:43 INFO  OdontologoService:55 - Listado de todos los odontólogos: [  {    "id": 1,    "numMatricula": 1,    "nombre": "Pipe",    "apellido": "Fe"  }]
2024-06-19 23:07:44 INFO  OdontologoService:55 - Listado de todos los odontólogos: [  {    "id": 1,    "numMatricula": 1,    "nombre": "Pipe",    "apellido": "Fe"  }]
2024-06-19 23:07:48 INFO  OdontologoService:76 - Odontólogo actualizado con éxito: {  "id": 1,  "numMatricula": 1,  "nombre": "Pipe",  "apellido": "Fee"}
2024-06-19 23:07:48 INFO  OdontologoService:55 - Listado de todos los odontólogos: [  {    "id": 1,    "numMatricula": 1,    "nombre": "Pipe",    "apellido": "Fee"  }]
2024-06-19 23:07:49 INFO  OdontologoService:55 - Listado de todos los odontólogos: [  {    "id": 1,    "numMatricula": 1,    "nombre": "Pipe",    "apellido": "Fee"  }]
2024-06-19 23:08:49 INFO  OdontologoService:76 - Odontólogo actualizado con éxito: {  "id": 1,  "numMatricula": 1,  "nombre": "Pipe",  "apellido": "Fee"}
2024-06-19 23:08:52 INFO  OdontologoService:76 - Odontólogo actualizado con éxito: {  "id": 1,  "numMatricula": 1,  "nombre": "Pipe",  "apellido": "Feeeeeee"}
2024-06-19 23:08:54 INFO  OdontologoService:55 - Listado de todos los odontólogos: [  {    "id": 1,    "numMatricula": 1,    "nombre": "Pipe",    "apellido": "Feeeeeee"  }]
2024-06-19 23:10:48 INFO  OdontologoService:55 - Listado de todos los odontólogos: [  {    "id": 1,    "numMatricula": 1,    "nombre": "Pipe",    "apellido": "Feeeeeee"  }]
2024-06-19 23:10:52 INFO  OdontologoService:76 - Odontólogo actualizado con éxito: {  "id": 1,  "numMatricula": 1,  "nombre": "Pipee",  "apellido": "Feeeeeee"}
2024-06-19 23:10:52 INFO  OdontologoService:55 - Listado de todos los odontólogos: [  {    "id": 1,    "numMatricula": 1,    "nombre": "Pipee",    "apellido": "Feeeeeee"  }]
2024-06-19 23:10:52 INFO  OdontologoService:55 - Listado de todos los odontólogos: [  {    "id": 1,    "numMatricula": 1,    "nombre": "Pipee",    "apellido": "Feeeeeee"  }]
2024-06-19 23:11:49 INFO  OdontologoService:55 - Listado de todos los odontólogos: [  {    "id": 1,    "numMatricula": 1,    "nombre": "Pipee",    "apellido": "Feeeeeee"  }]
2024-06-19 23:13:10 INFO  OdontologoService:55 - Listado de todos los odontólogos: [  {    "id": 1,    "numMatricula": 1,    "nombre": "Pipee",    "apellido": "Feeeeeee"  }]
2024-06-19 23:13:12 INFO  OdontologoService:55 - Listado de todos los odontólogos: [  {    "id": 1,    "numMatricula": 1,    "nombre": "Pipee",    "apellido": "Feeeeeee"  }]
2024-06-19 23:13:37 INFO  OdontologoService:55 - Listado de todos los odontólogos: [  {    "id": 1,    "numMatricula": 1,    "nombre": "Pipee",    "apellido": "Feeeeeee"  }]
2024-06-19 23:13:38 INFO  OdontologoService:55 - Listado de todos los odontólogos: [  {    "id": 1,    "numMatricula": 1,    "nombre": "Pipee",    "apellido": "Feeeeeee"  }]
2024-06-19 23:16:00 INFO  OdontologoService:55 - Listado de todos los odontólogos: [  {    "id": 1,    "numMatricula": 1,    "nombre": "Pipee",    "apellido": "Feeeeeee"  }]
2024-06-19 23:16:01 INFO  OdontologoService:55 - Listado de todos los odontólogos: [  {    "id": 1,    "numMatricula": 1,    "nombre": "Pipee",    "apellido": "Feeeeeee"  }]
2024-06-19 23:17:15 INFO  OdontologoService:55 - Listado de todos los odontólogos: [  {    "id": 1,    "numMatricula": 1,    "nombre": "Pipee",    "apellido": "Feeeeeee"  }]
2024-06-19 23:17:16 INFO  OdontologoService:55 - Listado de todos los odontólogos: [  {    "id": 1,    "numMatricula": 1,    "nombre": "Pipee",    "apellido": "Feeeeeee"  }]
2024-06-19 23:17:20 INFO  OdontologoService:76 - Odontólogo actualizado con éxito: {  "id": 1,  "numMatricula": 1,  "nombre": "Pipee",  "apellido": "Feeeeeee"}
2024-06-19 23:17:20 INFO  OdontologoService:55 - Listado de todos los odontólogos: [  {    "id": 1,    "numMatricula": 1,    "nombre": "Pipee",    "apellido": "Feeeeeee"  }]
2024-06-19 23:17:21 INFO  OdontologoService:55 - Listado de todos los odontólogos: [  {    "id": 1,    "numMatricula": 1,    "nombre": "Pipee",    "apellido": "Feeeeeee"  }]
2024-06-19 23:17:28 INFO  OdontologoService:55 - Listado de todos los odontólogos: [  {    "id": 1,    "numMatricula": 1,    "nombre": "Pipee",    "apellido": "Feeeeeee"  }]
2024-06-19 23:17:35 INFO  OdontologoService:76 - Odontólogo actualizado con éxito: {  "id": 1,  "numMatricula": 1,  "nombre": "Pipeek",  "apellido": "Feeeeeee"}
2024-06-19 23:17:35 INFO  OdontologoService:55 - Listado de todos los odontólogos: [  {    "id": 1,    "numMatricula": 1,    "nombre": "Pipeek",    "apellido": "Feeeeeee"  }]
2024-06-19 23:17:35 INFO  OdontologoService:55 - Listado de todos los odontólogos: [  {    "id": 1,    "numMatricula": 1,    "nombre": "Pipeek",    "apellido": "Feeeeeee"  }]
2024-06-19 23:20:06 INFO  ClinicaOdontologicaApplication:15 - FUNCIONANDO)
2024-06-19 23:20:06 INFO  ClinicaOdontologicaApplication:16 - HECHO A MANO POR YESSICA SILVERA Y OSHIN VILLEGAS
2024-06-19 23:20:15 INFO  OdontologoService:55 - Listado de todos los odontólogos: []
2024-06-19 23:20:15 WARN  OdontologoService:58 - No se encontraron odontólogos
2024-06-19 23:20:22 INFO  OdontologoService:44 - Odontólogo guardado con éxito: {  "id": 1,  "numMatricula": 2,  "nombre": "feli",  "apellido": "asd"}
2024-06-19 23:20:22 INFO  OdontologoService:55 - Listado de todos los odontólogos: [  {    "id": 1,    "numMatricula": 2,    "nombre": "feli",    "apellido": "asd"  }]
2024-06-19 23:20:29 INFO  OdontologoService:44 - Odontólogo guardado con éxito: {  "id": 2,  "numMatricula": 2,  "nombre": "feli",  "apellido": "asdk"}
2024-06-19 23:20:29 INFO  OdontologoService:55 - Listado de todos los odontólogos: [  {    "id": 1,    "numMatricula": 2,    "nombre": "feli",    "apellido": "asd"  },  {    "id": 2,    "numMatricula": 2,    "nombre": "feli",    "apellido": "asdk"  }]
2024-06-19 23:21:59 INFO  OdontologoService:55 - Listado de todos los odontólogos: [  {    "id": 1,    "numMatricula": 2,    "nombre": "feli",    "apellido": "asd"  },  {    "id": 2,    "numMatricula": 2,    "nombre": "feli",    "apellido": "asdk"  }]
